:0: UserWarning: The keyword `bot` in your user_agent may be problematic.
:0: UserWarning: The keyword `bot` in your user_agent may be problematic.
:0: UserWarning: The keyword `bot` in your user_agent may be problematic.
:0: UserWarning: The keyword `bot` in your user_agent may be problematic.
:0: UserWarning: The keyword `bot` in your user_agent may be problematic.
*************
2017-01-05 22:54:09.682869
Awake: Starting now, current category: india , current count: 1
*************
Version 3.3.0 of praw is outdated. Version 4.1.0 was released Saturday December 24, 2016.
empty vocabulary; perhaps the documents only contain stop words
Unicode strings with encoding declaration are not supported. Please use bytes input or XML fragments without declaration.
ArticleExtractionFailed
ArticleExtractionFailed
ArticleExtractionFailed
*************
2017-01-05 22:59:24.674668
Sleeping for 1 hour, current count: 1
*************
*************
2017-01-05 22:59:24.674698
Awake: Starting now, current category: worldnews , current count: 1
*************
Version 3.3.0 of praw is outdated. Version 4.1.0 was released Saturday December 24, 2016.
ArticleExtractionFailed
ArticleExtractionFailed
cannot identify image file '/tmp/goose/_5184d71ba25335a59b26aef7b4359f91'
*************
2017-01-05 23:06:49.082747
Sleeping for 1 hour, current count: 1
*************
*************
2017-01-05 23:06:49.082773
Awake: Starting now, current category: technology , current count: 1
*************
Version 3.3.0 of praw is outdated. Version 4.1.0 was released Saturday December 24, 2016.
cannot identify image file '/tmp/goose/_17e5a1c92257c2ff98d22024ca613522'
ArticleExtractionFailed
ArticleExtractionFailed
Unicode strings with encoding declaration are not supported. Please use bytes input or XML fragments without declaration.
ArticleExtractionFailed
ArticleExtractionFailed
*************
2017-01-05 23:15:07.195177
Sleeping for 1 hour, current count: 1
*************
*************
2017-01-05 23:15:07.195206
Awake: Starting now, current category: science , current count: 1
*************
Version 3.3.0 of praw is outdated. Version 4.1.0 was released Saturday December 24, 2016.
Unicode strings with encoding declaration are not supported. Please use bytes input or XML fragments without declaration.
Unicode strings with encoding declaration are not supported. Please use bytes input or XML fragments without declaration.
ArticleExtractionFailed
ArticleExtractionFailed
Unicode strings with encoding declaration are not supported. Please use bytes input or XML fragments without declaration.
ArticleExtractionFailed
ArticleExtractionFailed
ArticleExtractionFailed
Unicode strings with encoding declaration are not supported. Please use bytes input or XML fragments without declaration.
Unicode strings with encoding declaration are not supported. Please use bytes input or XML fragments without declaration.
Unicode strings with encoding declaration are not supported. Please use bytes input or XML fragments without declaration.
Unicode strings with encoding declaration are not supported. Please use bytes input or XML fragments without declaration.
Unicode strings with encoding declaration are not supported. Please use bytes input or XML fragments without declaration.
Unicode strings with encoding declaration are not supported. Please use bytes input or XML fragments without declaration.
ArticleExtractionFailed
ArticleExtractionFailed
ArticleExtractionFailed
Unicode strings with encoding declaration are not supported. Please use bytes input or XML fragments without declaration.
Unicode strings with encoding declaration are not supported. Please use bytes input or XML fragments without declaration.
Unicode strings with encoding declaration are not supported. Please use bytes input or XML fragments without declaration.
ArticleExtractionFailed
ArticleExtractionFailed
*************
2017-01-05 23:23:52.794376
Sleeping for 1 hour, current count: 1
*************
*************
2017-01-05 23:33:52.865781
Awake: Starting now, current category: india , current count: 2
*************
Version 3.3.0 of praw is outdated. Version 4.1.0 was released Saturday December 24, 2016.
empty vocabulary; perhaps the documents only contain stop words
Unicode strings with encoding declaration are not supported. Please use bytes input or XML fragments without declaration.
ArticleExtractionFailed
ArticleExtractionFailed
ArticleExtractionFailed
ArticleExtractionFailed
**********:0: UserWarning: The keyword `bot` in your user_agent may be problematic.
:0: UserWarning: The keyword `bot` in your user_agent may be problematic.
:0: UserWarning: The keyword `bot` in your user_agent may be problematic.
:0: UserWarning: The keyword `bot` in your user_agent may be problematic.
